<?xml version="1.0" encoding="UTF-8"?>
<testsuite xmlns:xsi="http://www.w3.org/2001/XMLSchema-instance" xsi:noNamespaceSchemaLocation="https://maven.apache.org/surefire/maven-surefire-plugin/xsd/surefire-test-report.xsd" name="com.shaikhraziev.map.UserCreateEditMapperTest" time="0.03" tests="1" errors="0" skipped="0" failures="1">
  <properties>
[...]
</properties>
  <testcase name="shouldMapUserDtoToUser" classname="com.shaikhraziev.map.UserCreateEditMapperTest" time="0.029">
    <failure message="&#10;expected: User(id=null, username=katya, password=123w, role=USER)&#10; but was: User(id=null, username=katya, password=123w, role=null)" type="org.opentest4j.AssertionFailedError">org.opentest4j.AssertionFailedError: 

expected: User(id=null, username=katya, password=123w, role=USER)
 but was: User(id=null, username=katya, password=123w, role=null)
	at com.shaikhraziev.map.UserCreateEditMapperTest.shouldMapUserDtoToUser(UserCreateEditMapperTest.java:26)
</failure>
  </testcase>
</testsuite>